Test output:
============================= test session starts ==============================
platform darwin -- Python 3.12.11, pytest-8.3.5, pluggy-1.6.0 -- /Users/yifeitao/.venvs/pdd312/bin/python
cachedir: .pytest_cache
rootdir: /Users/yifeitao/Desktop/study_tracker
configfile: ../../../../dev/null
plugins: cov-5.0.0, anyio-4.13.0
collecting ... collected 8 items

test_session_cli.py::test_get_default_store_path PASSED                  [ 12%]
test_session_cli.py::test_add_command_success PASSED                     [ 25%]
test_session_cli.py::test_add_command_error PASSED                       [ 37%]
test_session_cli.py::test_list_command_empty PASSED                      [ 50%]
test_session_cli.py::test_list_command_data PASSED                       [ 62%]
test_session_cli.py::test_stats_command_sorting PASSED                   [ 75%]
test_session_cli.py::test_formal_sorting_logic FAILED                    [ 87%]
test_session_cli.py::test_path_safety_verification PASSED                [100%]

=================================== FAILURES ===================================
__________________________ test_formal_sorting_logic ___________________________
test_session_cli.py:161: in test_formal_sorting_logic
    assert s.check() == sat.unsat, "Descending sort logic property violated"
E   AttributeError: 'CheckSatResult' object has no attribute 'unsat'
=========================== short test summary info ============================
FAILED test_session_cli.py::test_formal_sorting_logic - AttributeError: 'Chec...
========================= 1 failed, 7 passed in 0.09s ==========================

